<?xml version="1.0" encoding="UTF-8"?>
<testsuite name="com.phonebook.tests.LoginTests" tests="2" skipped="0" failures="0" errors="0" timestamp="2023-06-28T16:27:27" hostname="DESKTOP-OKIIK2L" time="14.192">
  <properties/>
  <testcase name="loginPositiveTest" classname="com.phonebook.tests.LoginTests" time="2.155"/>
  <testcase name="loginNegativeWithoutPasswordTest" classname="com.phonebook.tests.LoginTests" time="1.726"/>
  <system-out><![CDATA[18:27:27.278 [Test worker] INFO  com.phonebook.tests.TestBase -- Start testloginPositiveTest
18:27:29.487 [Test worker] INFO  com.phonebook.tests.TestBase -- PASSED: loginPositiveTest
18:27:29.488 [Test worker] INFO  com.phonebook.tests.TestBase -- ========================================================
18:27:29.498 [Test worker] INFO  com.phonebook.tests.TestBase -- Start testloginNegativeWithoutPasswordTest
18:27:41.521 [Test worker] INFO  com.phonebook.tests.TestBase -- PASSED: loginNegativeWithoutPasswordTest
18:27:41.522 [Test worker] INFO  com.phonebook.tests.TestBase -- ========================================================
]]></system-out>
  <system-err><![CDATA[]]></system-err>
</testsuite>
